/users/ob234/.local/lib/python3.10/site-packages/datasets/load.py:1461: FutureWarning: The repository for gem contains custom code which must be executed to correctly load the dataset. You can inspect the repository content at https://hf.co/datasets/gem
You can avoid this message in future by passing the argument `trust_remote_code=True`.
Passing `trust_remote_code=True` will be mandatory to load this dataset from the next major release of `datasets`.
  warnings.warn(
current_model: xlm-roberta-large, timestamp: 1709514407
  0%|          | 0/2 [00:00<?, ?it/s]  0%|          | 0/2 [00:06<?, ?it/s]
Traceback (most recent call last):
  File "/users/ob234/cpc_ob234-1/cpc-main/calc_emission_inference.py", line 328, in <module>
    main()
  File "/users/ob234/cpc_ob234-1/cpc-main/calc_emission_inference.py", line 320, in main
    query(pipe, task_type, tokenizer, input_data, model_name)
  File "/users/ob234/.local/lib/python3.10/site-packages/pyJoules/energy_meter.py", line 296, in wrapper_measure
    val = func(*args, **kwargs)
  File "/users/ob234/cpc_ob234-1/cpc-main/calc_emission_inference.py", line 93, in query
    curr_query = pipe(processed_input)
  File "/users/ob234/.local/lib/python3.10/site-packages/transformers/pipelines/fill_mask.py", line 270, in __call__
    outputs = super().__call__(inputs, **kwargs)
  File "/users/ob234/.local/lib/python3.10/site-packages/transformers/pipelines/base.py", line 1196, in __call__
    return self.run_single(inputs, preprocess_params, forward_params, postprocess_params)
  File "/users/ob234/.local/lib/python3.10/site-packages/transformers/pipelines/base.py", line 1203, in run_single
    model_outputs = self.forward(model_inputs, **forward_params)
  File "/users/ob234/.local/lib/python3.10/site-packages/transformers/pipelines/base.py", line 1102, in forward
    model_outputs = self._forward(model_inputs, **forward_params)
  File "/users/ob234/.local/lib/python3.10/site-packages/transformers/pipelines/fill_mask.py", line 127, in _forward
    model_outputs = self.model(**model_inputs)
  File "/users/ob234/.local/lib/python3.10/site-packages/torch/nn/modules/module.py", line 1511, in _wrapped_call_impl
    return self._call_impl(*args, **kwargs)
  File "/users/ob234/.local/lib/python3.10/site-packages/torch/nn/modules/module.py", line 1520, in _call_impl
    return forward_call(*args, **kwargs)
  File "/users/ob234/.local/lib/python3.10/site-packages/transformers/models/xlm_roberta/modeling_xlm_roberta.py", line 1092, in forward
    outputs = self.roberta(
  File "/users/ob234/.local/lib/python3.10/site-packages/torch/nn/modules/module.py", line 1511, in _wrapped_call_impl
    return self._call_impl(*args, **kwargs)
  File "/users/ob234/.local/lib/python3.10/site-packages/torch/nn/modules/module.py", line 1520, in _call_impl
    return forward_call(*args, **kwargs)
  File "/users/ob234/.local/lib/python3.10/site-packages/transformers/models/xlm_roberta/modeling_xlm_roberta.py", line 837, in forward
    encoder_outputs = self.encoder(
  File "/users/ob234/.local/lib/python3.10/site-packages/torch/nn/modules/module.py", line 1511, in _wrapped_call_impl
    return self._call_impl(*args, **kwargs)
  File "/users/ob234/.local/lib/python3.10/site-packages/torch/nn/modules/module.py", line 1520, in _call_impl
    return forward_call(*args, **kwargs)
  File "/users/ob234/.local/lib/python3.10/site-packages/transformers/models/xlm_roberta/modeling_xlm_roberta.py", line 525, in forward
    layer_outputs = layer_module(
  File "/users/ob234/.local/lib/python3.10/site-packages/torch/nn/modules/module.py", line 1511, in _wrapped_call_impl
    return self._call_impl(*args, **kwargs)
  File "/users/ob234/.local/lib/python3.10/site-packages/torch/nn/modules/module.py", line 1520, in _call_impl
    return forward_call(*args, **kwargs)
  File "/users/ob234/.local/lib/python3.10/site-packages/transformers/models/xlm_roberta/modeling_xlm_roberta.py", line 456, in forward
    layer_output = apply_chunking_to_forward(
  File "/users/ob234/.local/lib/python3.10/site-packages/transformers/pytorch_utils.py", line 237, in apply_chunking_to_forward
    return forward_fn(*input_tensors)
  File "/users/ob234/.local/lib/python3.10/site-packages/transformers/models/xlm_roberta/modeling_xlm_roberta.py", line 469, in feed_forward_chunk
    layer_output = self.output(intermediate_output, attention_output)
  File "/users/ob234/.local/lib/python3.10/site-packages/torch/nn/modules/module.py", line 1511, in _wrapped_call_impl
    return self._call_impl(*args, **kwargs)
  File "/users/ob234/.local/lib/python3.10/site-packages/torch/nn/modules/module.py", line 1520, in _call_impl
    return forward_call(*args, **kwargs)
  File "/users/ob234/.local/lib/python3.10/site-packages/transformers/models/xlm_roberta/modeling_xlm_roberta.py", line 380, in forward
    hidden_states = self.dense(hidden_states)
  File "/users/ob234/.local/lib/python3.10/site-packages/torch/nn/modules/module.py", line 1511, in _wrapped_call_impl
    return self._call_impl(*args, **kwargs)
  File "/users/ob234/.local/lib/python3.10/site-packages/torch/nn/modules/module.py", line 1520, in _call_impl
    return forward_call(*args, **kwargs)
  File "/users/ob234/.local/lib/python3.10/site-packages/torch/nn/modules/linear.py", line 116, in forward
    return F.linear(input, self.weight, self.bias)
KeyboardInterrupt
